#
# A fatal error has been detected by the Java Runtime Environment:
#
#  EXCEPTION_ACCESS_VIOLATION (0xc0000005) at pc=0x7c91b1fa, pid=5144, tid=5932
#
# JRE version: 6.0_17-b04
# Java VM: Java HotSpot(TM) Client VM (14.3-b01 mixed mode windows-x86 )
# Problematic frame:
# C  [ntdll.dll+0x1b1fa]
#
# If you would like to submit a bug report, please visit:
#   http://java.sun.com/webapps/bugreport/crash.jsp
# The crash happened outside the Java Virtual Machine in native code.
# See problematic frame for where to report the bug.
#

---------------  T H R E A D  ---------------

Current thread (0x0aae8c00):  JavaThread "JDWP Command Reader" daemon [_thread_in_native, id=5932, stack(0x0b160000,0x0b1b0000)]

siginfo: ExceptionCode=0xc0000005, writing address 0x00000010

Registers:
EAX=0x00000000, EBX=0x00000000, ECX=0x00000f18, EDX=0x0ad5a72c
ESP=0x0b1af9e4, EBP=0x0b1afa58, ESI=0x0ad5a71c, EDI=0x00000000
EIP=0x7c91b1fa, EFLAGS=0x00010246

Top of Stack: (sp=0x0b1af9e4)
0x0b1af9e4:   0ad33de0 00000000 00000000 00000000
0x0b1af9f4:   0b1af9ac 0b1afb84 0b1aff70 00000000
0x0b1afa04:   00000000 83bab282 01cba6d7 10003c20
0x0b1afa14:   7c90dc0c 7c91b289 00000e44 0ada2260
0x0b1afa24:   7c80932e 7c9010fd 0ada2300 10003d31
0x0b1afa34:   0ada2300 0b1afafc 00000000 0b1afaf0
0x0b1afa44:   7c809c55 00000004 00000000 00000000
0x0b1afa54:   00000f18 0b1afaf0 7c901046 00d5a71c 

Instructions: (pc=0x7c91b1fa)
0x7c91b1ea:   8b 46 10 3b c3 89 45 fc 0f 84 9e 00 00 00 8b 06
0x7c91b1fa:   ff 40 10 8b 45 fc 83 e0 01 89 45 e8 8b 06 ff 40 


Stack: [0x0b160000,0x0b1b0000],  sp=0x0b1af9e4,  free space=318k
Native frames: (J=compiled Java code, j=interpreted, Vv=VM code, C=native code)
C  [ntdll.dll+0x1b1fa]
C  [ntdll.dll+0x1046]


---------------  P R O C E S S  ---------------

Java Threads: ( => current thread )
  0x0b40b800 JavaThread "TimerQueue" daemon [_thread_blocked, id=5740, stack(0x0f150000,0x0f1a0000)]
  0x003b6c00 JavaThread "DestroyJavaVM" [_thread_blocked, id=5316, stack(0x008c0000,0x00910000)]
  0x0b2e9000 JavaThread "AWT-EventQueue-0" [_thread_blocked, id=4600, stack(0x0b610000,0x0b660000)]
  0x0b2e4800 JavaThread "AWT-Shutdown" [_thread_blocked, id=5500, stack(0x0b520000,0x0b570000)]
  0x0b2e3400 JavaThread "Java2D Disposer" daemon [_thread_blocked, id=2776, stack(0x0b4d0000,0x0b520000)]
  0x0aaf9800 JavaThread "Low Memory Detector" daemon [_thread_blocked, id=1504, stack(0x0b200000,0x0b250000)]
  0x0aaf5000 JavaThread "CompilerThread0" daemon [_thread_blocked, id=1876, stack(0x0b1b0000,0x0b200000)]
=>0x0aae8c00 JavaThread "JDWP Command Reader" daemon [_thread_in_native, id=5932, stack(0x0b160000,0x0b1b0000)]
  0x0aae7400 JavaThread "JDWP Event Helper Thread" daemon [_thread_blocked, id=4524, stack(0x0b110000,0x0b160000)]
  0x0aae4c00 JavaThread "JDWP Transport Listener: dt_socket" daemon [_thread_blocked, id=2164, stack(0x0b0c0000,0x0b110000)]
  0x0aad9400 JavaThread "Attach Listener" daemon [_thread_blocked, id=4552, stack(0x0ac90000,0x0ace0000)]
  0x0aac9000 JavaThread "Finalizer" daemon [_thread_blocked, id=5616, stack(0x0abf0000,0x0ac40000)]
  0x0aac4800 JavaThread "Reference Handler" daemon [_thread_blocked, id=5408, stack(0x0aba0000,0x0abf0000)]

Other Threads:
  0x0aac0400 VMThread [stack: 0x0ab50000,0x0aba0000] [id=1944]

VM state:at safepoint (normal execution)

VM Mutex/Monitor currently owned by a thread:  ([mutex/lock_event])
[0x003b5d30] Threads_lock - owner thread: 0x0aac0400

Heap
 def new generation   total 960K, used 525K [0x029b0000, 0x02ab0000, 0x02e90000)
  eden space 896K,  56% used [0x029b0000, 0x02a2ef50, 0x02a90000)
  from space 64K,  27% used [0x02a90000, 0x02a94708, 0x02aa0000)
  to   space 64K,   0% used [0x02aa0000, 0x02aa0000, 0x02ab0000)
 tenured generation   total 5836K, used 4859K [0x02e90000, 0x03443000, 0x069b0000)
   the space 5836K,  83% used [0x02e90000, 0x0334ee40, 0x0334f000, 0x03443000)
 compacting perm gen  total 12288K, used 9549K [0x069b0000, 0x075b0000, 0x0a9b0000)
   the space 12288K,  77% used [0x069b0000, 0x07303520, 0x07303600, 0x075b0000)
No shared spaces configured.

Dynamic libraries:
0x00400000 - 0x00424000 	C:\Program Files\Java\jdk1.6.0_17\bin\javaw.exe
0x7c900000 - 0x7c9af000 	C:\WINDOWS\system32\ntdll.dll
0x7c800000 - 0x7c8f6000 	C:\WINDOWS\system32\kernel32.dll
0x77dd0000 - 0x77e6b000 	C:\WINDOWS\system32\ADVAPI32.dll
0x77e70000 - 0x77f02000 	C:\WINDOWS\system32\RPCRT4.dll
0x77fe0000 - 0x77ff1000 	C:\WINDOWS\system32\Secur32.dll
0x7e410000 - 0x7e4a1000 	C:\WINDOWS\system32\USER32.dll
0x77f10000 - 0x77f59000 	C:\WINDOWS\system32\GDI32.dll
0x76390000 - 0x763ad000 	C:\WINDOWS\system32\IMM32.DLL
0x629c0000 - 0x629c9000 	C:\WINDOWS\system32\LPK.DLL
0x74d90000 - 0x74dfb000 	C:\WINDOWS\system32\USP10.dll
0x7c340000 - 0x7c396000 	C:\Program Files\Java\jdk1.6.0_17\jre\bin\msvcr71.dll
0x6d8b0000 - 0x6db3b000 	C:\Program Files\Java\jdk1.6.0_17\jre\bin\client\jvm.dll
0x76b40000 - 0x76b6d000 	C:\WINDOWS\system32\WINMM.dll
0x6d860000 - 0x6d86c000 	C:\Program Files\Java\jdk1.6.0_17\jre\bin\verify.dll
0x6d3e0000 - 0x6d3ff000 	C:\Program Files\Java\jdk1.6.0_17\jre\bin\java.dll
0x6d340000 - 0x6d348000 	C:\Program Files\Java\jdk1.6.0_17\jre\bin\hpi.dll
0x76bf0000 - 0x76bfb000 	C:\WINDOWS\system32\PSAPI.DLL
0x6d430000 - 0x6d459000 	C:\Program Files\Java\jdk1.6.0_17\jre\bin\jdwp.dll
0x6d750000 - 0x6d756000 	C:\Program Files\Java\jdk1.6.0_17\jre\bin\npt.dll
0x6d8a0000 - 0x6d8af000 	C:\Program Files\Java\jdk1.6.0_17\jre\bin\zip.dll
0x6d2b0000 - 0x6d2b7000 	C:\Program Files\Java\jdk1.6.0_17\jre\bin\dt_socket.dll
0x71ab0000 - 0x71ac7000 	C:\WINDOWS\system32\WS2_32.dll
0x77c10000 - 0x77c68000 	C:\WINDOWS\system32\msvcrt.dll
0x71aa0000 - 0x71aa8000 	C:\WINDOWS\system32\WS2HELP.dll
0x71a50000 - 0x71a8f000 	C:\WINDOWS\System32\mswsock.dll
0x76f20000 - 0x76f47000 	C:\WINDOWS\system32\DNSAPI.dll
0x76fb0000 - 0x76fb8000 	C:\WINDOWS\System32\winrnr.dll
0x76f60000 - 0x76f8c000 	C:\WINDOWS\system32\WLDAP32.dll
0x64000000 - 0x64025000 	C:\Program Files\Bonjour\mdnsNSP.dll
0x76d60000 - 0x76d79000 	C:\WINDOWS\system32\Iphlpapi.dll
0x76fc0000 - 0x76fc6000 	C:\WINDOWS\system32\rasadhlp.dll
0x20b00000 - 0x20b4b000 	C:\WINDOWS\system32\imon.dll
0x774e0000 - 0x7761d000 	C:\WINDOWS\system32\ole32.dll
0x71ad0000 - 0x71ad9000 	C:\WINDOWS\system32\WSOCK32.dll
0x10000000 - 0x10015000 	C:\Program Files\NetLimiter\nl_lsp.dll
0x0ad70000 - 0x0ad81000 	C:\WINDOWS\system32\nl_msgc.dll
0x77f60000 - 0x77fd6000 	C:\WINDOWS\system32\SHLWAPI.dll
0x662b0000 - 0x66308000 	C:\WINDOWS\system32\hnetcfg.dll
0x71a90000 - 0x71a98000 	C:\WINDOWS\System32\wshtcpip.dll
0x6d0b0000 - 0x6d1fa000 	C:\Program Files\Java\jdk1.6.0_17\jre\bin\awt.dll
0x73000000 - 0x73026000 	C:\WINDOWS\system32\WINSPOOL.DRV
0x773d0000 - 0x774d3000 	C:\WINDOWS\WinSxS\x86_Microsoft.Windows.Common-Controls_6595b64144ccf1df_6.0.2600.5512_x-ww_35d4ce83\comctl32.dll
0x74720000 - 0x7476c000 	C:\WINDOWS\system32\MSCTF.dll
0x755c0000 - 0x755ee000 	C:\WINDOWS\system32\msctfime.ime
0x76fd0000 - 0x7704f000 	C:\WINDOWS\system32\CLBCATQ.DLL
0x77050000 - 0x77115000 	C:\WINDOWS\system32\COMRes.dll
0x77120000 - 0x771ab000 	C:\WINDOWS\system32\OLEAUT32.dll
0x77c00000 - 0x77c08000 	C:\WINDOWS\system32\VERSION.dll
0x6d2e0000 - 0x6d334000 	C:\Program Files\Java\jdk1.6.0_17\jre\bin\fontmanager.dll
0x7c9c0000 - 0x7d1d7000 	C:\WINDOWS\system32\shell32.dll
0x6d6c0000 - 0x6d6d3000 	C:\Program Files\Java\jdk1.6.0_17\jre\bin\net.dll
0x6d6e0000 - 0x6d6e9000 	C:\Program Files\Java\jdk1.6.0_17\jre\bin\nio.dll
0x5b860000 - 0x5b8b5000 	C:\WINDOWS\system32\netapi32.dll
0x0b820000 - 0x0bae5000 	C:\WINDOWS\system32\xpsp2res.dll
0x77b40000 - 0x77b62000 	C:\WINDOWS\system32\appHelp.dll
0x0baf0000 - 0x0bb4b000 	C:\Program Files\Common Files\Adobe\Acrobat\ActiveX\PDFShell.dll
0x78130000 - 0x781cb000 	C:\WINDOWS\WinSxS\x86_Microsoft.VC80.CRT_1fc8b3b9a1e18e3b_8.0.50727.4053_x-ww_e6967989\MSVCR80.dll
0x71b20000 - 0x71b32000 	C:\WINDOWS\system32\MPR.dll
0x75f60000 - 0x75f67000 	C:\WINDOWS\System32\drprov.dll
0x71c10000 - 0x71c1e000 	C:\WINDOWS\System32\ntlanman.dll
0x71cd0000 - 0x71ce7000 	C:\WINDOWS\System32\NETUI0.dll
0x71c90000 - 0x71cd0000 	C:\WINDOWS\System32\NETUI1.dll
0x71c80000 - 0x71c87000 	C:\WINDOWS\System32\NETRAP.dll
0x71bf0000 - 0x71c03000 	C:\WINDOWS\System32\SAMLIB.dll
0x75f70000 - 0x75f7a000 	C:\WINDOWS\System32\davclnt.dll
0x77920000 - 0x77a13000 	C:\WINDOWS\system32\SETUPAPI.dll
0x763b0000 - 0x763f9000 	C:\WINDOWS\system32\comdlg32.dll
0x76c30000 - 0x76c5e000 	C:\WINDOWS\system32\WINTRUST.dll
0x77a80000 - 0x77b15000 	C:\WINDOWS\system32\CRYPT32.dll
0x77b20000 - 0x77b32000 	C:\WINDOWS\system32\MSASN1.dll
0x76c90000 - 0x76cb8000 	C:\WINDOWS\system32\IMAGEHLP.dll
0x75970000 - 0x75a68000 	C:\WINDOWS\system32\MSGINA.dll
0x74320000 - 0x7435d000 	C:\WINDOWS\system32\ODBC32.dll
0x769c0000 - 0x76a74000 	C:\WINDOWS\system32\USERENV.dll
0x76360000 - 0x76370000 	C:\WINDOWS\system32\WINSTA.dll
0x0be50000 - 0x0be67000 	C:\WINDOWS\system32\odbcint.dll
0x76980000 - 0x76988000 	C:\WINDOWS\system32\LINKINFO.dll
0x76990000 - 0x769b5000 	C:\WINDOWS\system32\ntshrui.dll
0x76b20000 - 0x76b31000 	C:\WINDOWS\system32\ATL.DLL
0x6d250000 - 0x6d273000 	C:\Program Files\Java\jdk1.6.0_17\jre\bin\dcpr.dll

VM Arguments:
jvm_args: -agentlib:jdwp=transport=dt_socket,suspend=y,address=localhost:1250 -Dfile.encoding=UTF-8 
java_command: PhotoAlbum
Launcher Type: SUN_STANDARD

Environment Variables:
JAVA_HOME=C:\Program Files\Java\jdk1.6.0_17
CLASSPATH=.;C:\Program Files\Java\jre6\lib\ext\QTJava.zip
PATH=C:\Program Files\Java\jdk1.6.0_17\jre\bin;C:/Program Files/Java/jre6/bin/client;C:/Program Files/Java/jre6/bin;C:/Program Files/Java/jre6/lib/i386;C:\Program Files\PC Connectivity Solution\;C:\WINDOWS\system32;C:\WINDOWS;C:\WINDOWS\system32\WBEM;C:\Program Files\QuickTime\QTSystem\;G:\dev\apache-maven-2.2.1\bin;
USERNAME=New user
SHELL=G:\DEV\RATIONAL\RATION~1\NUTCROOT\mksnt\sh.exe
DISPLAY=:0.0
OS=Windows_NT
PROCESSOR_IDENTIFIER=x86 Family 15 Model 2 Stepping 9, GenuineIntel



---------------  S Y S T E M  ---------------

OS: Windows XP Build 2600 Service Pack 3

CPU:total 1 (1 cores per cpu, 1 threads per core) family 15 model 2 stepping 9, cmov, cx8, fxsr, mmx, sse, sse2

Memory: 4k page, physical 2096672k(272164k free), swap 4194303k(2077344k free)

vm_info: Java HotSpot(TM) Client VM (14.3-b01) for windows-x86 JRE (1.6.0_17-b04), built on Oct 11 2009 00:52:06 by "java_re" with MS VC++ 7.1

time: Tue Dec 28 23:38:06 2010
elapsed time: 43 seconds

